<?xml version="1.0" encoding="UTF-8"?>
<!-- Generated by org.testng.reporters.JUnitReportReporter -->
<testsuite hostname="EQAW42SLPC6558" failures="0" tests="2" name="testcases.HomePageTest" time="21.022" errors="0" timestamp="2024-06-12T15:38:20 IST" skipped="0">
  <testcase classname="testcases.HomePageTest" name="verifyLogo" time="9.273"/>
  <system-out/>
  <testcase classname="testcases.HomePageTest" name="verifySearchBox" time="11.749"/>
  <system-out/>
</testsuite> <!-- testcases.HomePageTest -->
