<?xml version="1.0" encoding="UTF-8"?>
<!-- Generated by org.testng.reporters.JUnitReportReporter -->
<testsuite hostname="EQAW42SLPC6558" failures="0" tests="3" name="com.SeleniumEcommerce.testcases.SearchPageTest" time="29.301" errors="0" timestamp="2024-06-11T20:48:19 IST" skipped="0">
  <testcase classname="com.SeleniumEcommerce.testcases.SearchPageTest" name="verifyClickOnSearchBox" time="6.127"/>
  <system-out/>
  <testcase classname="com.SeleniumEcommerce.testcases.SearchPageTest" name="VerifySearchProduct" time="13.150"/>
  <system-out/>
  <testcase classname="com.SeleniumEcommerce.testcases.SearchPageTest" name="VerifySearchResult" time="10.024"/>
  <system-out/>
</testsuite> <!-- com.SeleniumEcommerce.testcases.SearchPageTest -->
