<?xml version="1.0" encoding="UTF-8"?>
<!-- Generated by org.testng.reporters.JUnitReportReporter -->
<testsuite hostname="EQAW42SLPC6558" failures="0" tests="3" name="com.SeleniumEcommerce.testcases.AddToCartTest" time="51.592" errors="0" timestamp="2024-06-12T12:44:15 IST" skipped="0">
  <testcase classname="com.SeleniumEcommerce.testcases.AddToCartTest" name="verifyShoppingInMyCart" time="20.814"/>
  <system-out/>
  <testcase classname="com.SeleniumEcommerce.testcases.AddToCartTest" name="verifyClickOnAddtoCart" time="14.762"/>
  <system-out/>
  <testcase classname="com.SeleniumEcommerce.testcases.AddToCartTest" name="verifyCountInMyCart" time="16.016"/>
  <system-out/>
</testsuite> <!-- com.SeleniumEcommerce.testcases.AddToCartTest -->
