<?xml version="1.0" encoding="UTF-8"?>
<!-- Generated by org.testng.reporters.JUnitReportReporter -->
<testsuite hostname="EQAW42SLPC6558" failures="0" tests="2" name="com.SeleniumEcommerce.testcases.IndexPageTest" time="16.187" errors="0" timestamp="2024-06-11T17:56:50 IST" skipped="0">
  <testcase classname="com.SeleniumEcommerce.testcases.IndexPageTest" name="verifyLogo" time="7.395"/>
  <system-out/>
  <testcase classname="com.SeleniumEcommerce.testcases.IndexPageTest" name="verifySearchBox" time="8.792"/>
  <system-out/>
</testsuite> <!-- com.SeleniumEcommerce.testcases.IndexPageTest -->
