<?xml version="1.0" encoding="UTF-8"?>
<!-- Generated by org.testng.reporters.JUnitReportReporter -->
<testsuite hostname="EQAW42SLPC6558" failures="0" tests="3" name="testcases.SearchPageTest" time="40.953" errors="0" timestamp="2024-06-12T15:38:20 IST" skipped="0">
  <testcase classname="testcases.SearchPageTest" name="verifyClickOnSearchBox" time="9.625"/>
  <system-out/>
  <testcase classname="testcases.SearchPageTest" name="VerifySearchProduct" time="15.986"/>
  <system-out/>
  <testcase classname="testcases.SearchPageTest" name="VerifySearchResult" time="15.342"/>
  <system-out/>
</testsuite> <!-- testcases.SearchPageTest -->
