<?xml version="1.0" encoding="UTF-8"?>
<!-- Generated by org.testng.reporters.JUnitReportReporter -->
<testsuite hostname="EQAW42SLPC6558" failures="0" tests="3" name="testcases.AddToCartTest" time="66.665" errors="0" timestamp="2024-06-12T15:38:20 IST" skipped="0">
  <testcase classname="testcases.AddToCartTest" name="verifyClickOnAddtoCart" time="22.336"/>
  <system-out/>
  <testcase classname="testcases.AddToCartTest" name="verifyCountInMyCart" time="26.618"/>
  <system-out/>
  <testcase classname="testcases.AddToCartTest" name="verifyShoppingInMyCart" time="17.711"/>
  <system-out/>
</testsuite> <!-- testcases.AddToCartTest -->
